2025-12-05 22:27:02,841 - app.main - INFO - Shutting down SMS BOSS Application
2025-12-05 22:27:02,842 - app.main - INFO - Background jobs scheduler stopped
2025-12-05 22:27:09,012 - app.jobs.scheduler - INFO - Background jobs configured
2025-12-05 22:27:09,175 - app.main - INFO - Starting SMBOSS FastAPI Application
2025-12-05 22:27:09,283 - app.main - INFO - Database tables created
2025-12-05 22:27:09,291 - app.main - INFO - Background jobs scheduler started
2025-12-05 22:42:58,152 - app.main - ERROR - Unhandled exception: (mysql.connector.errors.ProgrammingError) 1146 (42S02): Table 'smboss_db.tbl_register' doesn't exist
[SQL: SELECT tbl_register.username AS tbl_register_username, tbl_register.mobile AS tbl_register_mobile, tbl_register.email AS tbl_register_email, tbl_register.password AS tbl_register_password, tbl_register.status AS tbl_register_status, tbl_register.added_on AS tbl_register_added_on, tbl_register.last_login AS tbl_register_last_login, tbl_register.login_attempts AS tbl_register_login_attempts, tbl_register.account_locked_until AS tbl_register_account_locked_until, tbl_register.id AS tbl_register_id, tbl_register.created_at AS tbl_register_created_at, tbl_register.updated_at AS tbl_register_updated_at, tbl_register.is_active AS tbl_register_is_active 
FROM tbl_register 
WHERE tbl_register.username = %(username_1)s 
 LIMIT %(param_1)s]
[parameters: {'username_1': 'admin', 'param_1': 1}]
(Background on this error at: https://sqlalche.me/e/20/f405)
2025-12-05 22:43:16,747 - app.main - ERROR - Unhandled exception: (mysql.connector.errors.ProgrammingError) 1146 (42S02): Table 'smboss_db.tbl_register' doesn't exist
[SQL: SELECT tbl_register.username AS tbl_register_username, tbl_register.mobile AS tbl_register_mobile, tbl_register.email AS tbl_register_email, tbl_register.password AS tbl_register_password, tbl_register.status AS tbl_register_status, tbl_register.added_on AS tbl_register_added_on, tbl_register.last_login AS tbl_register_last_login, tbl_register.login_attempts AS tbl_register_login_attempts, tbl_register.account_locked_until AS tbl_register_account_locked_until, tbl_register.id AS tbl_register_id, tbl_register.created_at AS tbl_register_created_at, tbl_register.updated_at AS tbl_register_updated_at, tbl_register.is_active AS tbl_register_is_active 
FROM tbl_register 
WHERE tbl_register.username = %(username_1)s 
 LIMIT %(param_1)s]
[parameters: {'username_1': 'admin', 'param_1': 1}]
(Background on this error at: https://sqlalche.me/e/20/f405)
2025-12-05 22:43:21,745 - app.main - ERROR - Unhandled exception: (mysql.connector.errors.ProgrammingError) 1146 (42S02): Table 'smboss_db.tbl_register' doesn't exist
[SQL: SELECT tbl_register.username AS tbl_register_username, tbl_register.mobile AS tbl_register_mobile, tbl_register.email AS tbl_register_email, tbl_register.password AS tbl_register_password, tbl_register.status AS tbl_register_status, tbl_register.added_on AS tbl_register_added_on, tbl_register.last_login AS tbl_register_last_login, tbl_register.login_attempts AS tbl_register_login_attempts, tbl_register.account_locked_until AS tbl_register_account_locked_until, tbl_register.id AS tbl_register_id, tbl_register.created_at AS tbl_register_created_at, tbl_register.updated_at AS tbl_register_updated_at, tbl_register.is_active AS tbl_register_is_active 
FROM tbl_register 
WHERE tbl_register.username = %(username_1)s 
 LIMIT %(param_1)s]
[parameters: {'username_1': 'admin', 'param_1': 1}]
(Background on this error at: https://sqlalche.me/e/20/f405)
2025-12-05 22:44:21,598 - app.main - ERROR - Unhandled exception: (mysql.connector.errors.ProgrammingError) 1146 (42S02): Table 'smboss_db.game' doesn't exist
[SQL: SELECT game.sr_no AS game_sr_no, game.game AS game_game, game.open_time AS game_open_time, game.close_time AS game_close_time, game.status AS game_status, game.days AS game_days, game.id AS game_id, game.created_at AS game_created_at, game.updated_at AS game_updated_at, game.is_active AS game_is_active 
FROM game 
WHERE game.status = %(status_1)s]
[parameters: {'status_1': 1}]
(Background on this error at: https://sqlalche.me/e/20/f405)
2025-12-05 22:44:41,353 - app.main - ERROR - Unhandled exception: (mysql.connector.errors.ProgrammingError) 1146 (42S02): Table 'smboss_db.tbl_register' doesn't exist
[SQL: SELECT tbl_register.username AS tbl_register_username, tbl_register.mobile AS tbl_register_mobile, tbl_register.email AS tbl_register_email, tbl_register.password AS tbl_register_password, tbl_register.status AS tbl_register_status, tbl_register.added_on AS tbl_register_added_on, tbl_register.last_login AS tbl_register_last_login, tbl_register.login_attempts AS tbl_register_login_attempts, tbl_register.account_locked_until AS tbl_register_account_locked_until, tbl_register.id AS tbl_register_id, tbl_register.created_at AS tbl_register_created_at, tbl_register.updated_at AS tbl_register_updated_at, tbl_register.is_active AS tbl_register_is_active 
FROM tbl_register 
WHERE tbl_register.username = %(username_1)s 
 LIMIT %(param_1)s]
[parameters: {'username_1': 'admin', 'param_1': 1}]
(Background on this error at: https://sqlalche.me/e/20/f405)
2025-12-05 22:53:48,840 - app.main - INFO - Shutting down SMBOSS Application
2025-12-05 22:53:48,853 - app.main - INFO - Background jobs scheduler stopped
2025-12-05 22:53:56,989 - app.jobs.scheduler - INFO - Background jobs configured
2025-12-05 22:53:57,100 - app.main - INFO - Starting SMBOSS FastAPI Application
2025-12-05 22:53:59,572 - app.main - INFO - Database tables created
2025-12-05 22:53:59,575 - app.main - INFO - Background jobs scheduler started
2025-12-05 22:58:37,330 - app.main - INFO - Shutting down SMBOSS Application
2025-12-05 22:58:37,339 - app.main - INFO - Background jobs scheduler stopped
2025-12-05 22:58:43,265 - app.jobs.scheduler - INFO - Background jobs configured
2025-12-05 22:58:43,425 - app.main - INFO - Starting SMBOSS FastAPI Application
2025-12-05 22:58:43,591 - app.main - INFO - Database tables created
2025-12-05 22:58:43,594 - app.main - INFO - Background jobs scheduler started
2025-12-05 23:00:00,009 - app.jobs.cache_warmer - INFO - Starting cache warming
2025-12-05 23:00:00,079 - app.jobs.cache_warmer - INFO - Cached 0 markets
2025-12-05 23:00:00,092 - app.jobs.cache_warmer - INFO - Cached 0 results for today
2025-12-05 23:00:00,092 - app.jobs.cache_warmer - INFO - Cache warming completed successfully
2025-12-05 23:02:45,540 - app.main - INFO - Shutting down SMBOSS Application
2025-12-05 23:02:45,540 - app.main - INFO - Background jobs scheduler stopped
2025-12-06 10:38:43,189 - app.jobs.scheduler - INFO - Background jobs configured
2025-12-06 10:38:43,246 - app.main - INFO - Starting SMBOSS FastAPI Application
2025-12-06 10:38:43,569 - app.main - INFO - Database tables created
2025-12-06 10:38:43,569 - app.main - INFO - Background jobs scheduler started
2025-12-06 10:39:13,408 - app.main - INFO - Shutting down SMBOSS Application
2025-12-06 10:39:13,409 - app.main - INFO - Background jobs scheduler stopped
2025-12-06 10:39:17,687 - app.jobs.scheduler - INFO - Background jobs configured
2025-12-06 10:39:17,778 - app.main - INFO - Starting SMBOSS FastAPI Application
2025-12-06 10:39:17,842 - app.main - INFO - Database tables created
2025-12-06 10:39:17,844 - app.main - INFO - Background jobs scheduler started
2025-12-06 10:39:55,485 - app.main - INFO - Shutting down SMBOSS Application
2025-12-06 10:39:55,485 - app.main - INFO - Background jobs scheduler stopped
2025-12-06 10:40:45,475 - app.jobs.scheduler - INFO - Background jobs configured
2025-12-06 10:40:45,693 - app.main - INFO - Starting SMBOSS FastAPI Application
2025-12-06 10:40:45,865 - app.main - INFO - Database tables created
2025-12-06 10:40:45,865 - app.main - INFO - Background jobs scheduler started
2025-12-06 10:42:23,871 - app.main - INFO - Shutting down SMBOSS Application
2025-12-06 10:42:23,873 - app.main - INFO - Background jobs scheduler stopped
2025-12-06 10:42:29,803 - app.jobs.scheduler - INFO - Background jobs configured
2025-12-06 10:42:29,986 - app.main - INFO - Starting SMBOSS FastAPI Application
2025-12-06 10:42:30,116 - app.main - INFO - Database tables created
2025-12-06 10:42:30,119 - app.main - INFO - Background jobs scheduler started
2025-12-06 10:44:38,600 - app.main - INFO - Shutting down SMBOSS Application
2025-12-06 10:44:38,602 - app.main - INFO - Background jobs scheduler stopped
2025-12-06 10:46:37,321 - app.jobs.scheduler - INFO - Background jobs configured
2025-12-06 10:46:37,394 - app.main - INFO - Starting SMBOSS FastAPI Application
2025-12-06 10:46:37,493 - app.main - INFO - Database tables created
2025-12-06 10:46:37,502 - app.main - INFO - Background jobs scheduler started
2025-12-06 10:51:35,130 - app.main - INFO - Shutting down SMBOSS Application
2025-12-06 10:51:35,132 - app.main - INFO - Background jobs scheduler stopped
2025-12-06 10:51:40,089 - app.jobs.scheduler - INFO - Background jobs configured
2025-12-06 10:51:40,269 - app.main - INFO - Starting SMBOSS FastAPI Application
2025-12-06 10:51:40,373 - app.main - INFO - Database tables created
2025-12-06 10:51:40,373 - app.main - INFO - Background jobs scheduler started
2025-12-06 10:55:57,502 - app.main - INFO - Shutting down SMBOSS Application
2025-12-06 10:55:57,505 - app.main - INFO - Background jobs scheduler stopped
2025-12-06 11:12:16,159 - app.jobs.scheduler - INFO - Background jobs configured
2025-12-06 11:12:26,061 - app.jobs.scheduler - INFO - Background jobs configured
2025-12-06 11:12:26,330 - app.main - INFO - Starting SMBOSS FastAPI Application
2025-12-06 11:12:26,483 - app.main - INFO - Database tables created
2025-12-06 11:12:26,492 - app.main - INFO - Background jobs scheduler started
2025-12-06 11:15:08,161 - app.main - INFO - Shutting down SMBOSS Application
2025-12-06 11:15:08,162 - app.main - INFO - Background jobs scheduler stopped
2025-12-06 11:15:13,438 - app.jobs.scheduler - INFO - Background jobs configured
2025-12-06 11:15:13,590 - app.main - INFO - Starting SMBOSS FastAPI Application
2025-12-06 11:15:13,699 - app.main - INFO - Database tables created
2025-12-06 11:15:13,702 - app.main - INFO - Background jobs scheduler started
2025-12-06 11:25:08,930 - app.main - INFO - Shutting down SMBOSS Application
2025-12-06 11:25:08,931 - app.main - INFO - Background jobs scheduler stopped
2025-12-06 11:25:11,501 - app.jobs.scheduler - INFO - Background jobs configured
2025-12-06 11:25:11,571 - app.main - INFO - Starting SMBOSS FastAPI Application
2025-12-06 11:25:11,643 - app.main - INFO - Database tables created
2025-12-06 11:25:11,646 - app.main - INFO - Background jobs scheduler started
2025-12-06 11:30:09,372 - app.main - INFO - Shutting down SMBOSS Application
2025-12-06 11:30:09,374 - app.main - INFO - Background jobs scheduler stopped
2025-12-06 11:30:15,351 - app.jobs.scheduler - INFO - Background jobs configured
2025-12-06 11:30:15,511 - app.main - INFO - Starting SMBOSS FastAPI Application
2025-12-06 11:30:15,611 - app.main - INFO - Database tables created
2025-12-06 11:30:15,619 - app.main - INFO - Background jobs scheduler started
2025-12-06 11:35:10,840 - app.main - INFO - Shutting down SMBOSS Application
2025-12-06 11:35:10,840 - app.main - INFO - Background jobs scheduler stopped
2025-12-06 11:35:13,025 - app.jobs.scheduler - INFO - Background jobs configured
2025-12-06 11:35:13,096 - app.main - INFO - Starting SMBOSS FastAPI Application
2025-12-06 11:35:13,152 - app.main - INFO - Database tables created
2025-12-06 11:35:13,160 - app.main - INFO - Background jobs scheduler started
2025-12-06 11:35:15,203 - app.jobs.scheduler - INFO - Background jobs configured
2025-12-06 11:35:15,275 - app.main - INFO - Starting SMBOSS FastAPI Application
2025-12-06 11:35:15,322 - app.main - INFO - Database tables created
2025-12-06 11:35:15,322 - app.main - INFO - Background jobs scheduler started
2025-12-06 11:40:13,595 - app.main - INFO - Shutting down SMBOSS Application
2025-12-06 11:40:13,595 - app.main - INFO - Background jobs scheduler stopped
2025-12-06 11:40:17,390 - app.jobs.scheduler - INFO - Background jobs configured
2025-12-06 11:40:17,466 - app.main - INFO - Starting SMBOSS FastAPI Application
2025-12-06 11:40:17,551 - app.main - INFO - Database tables created
2025-12-06 11:40:17,552 - app.main - INFO - Background jobs scheduler started
2025-12-06 11:50:14,723 - app.main - INFO - Shutting down SMBOSS Application
2025-12-06 11:50:14,727 - app.main - INFO - Background jobs scheduler stopped
2025-12-06 11:50:18,023 - app.jobs.scheduler - INFO - Background jobs configured
2025-12-06 11:50:18,083 - app.main - INFO - Starting SMBOSS FastAPI Application
2025-12-06 11:50:18,150 - app.main - INFO - Database tables created
2025-12-06 11:50:18,152 - app.main - INFO - Background jobs scheduler started
2025-12-06 11:52:16,020 - app.main - INFO - Shutting down SMBOSS Application
2025-12-06 11:52:16,022 - app.main - INFO - Background jobs scheduler stopped
2025-12-06 11:55:28,344 - app.jobs.scheduler - INFO - Background jobs configured
2025-12-06 11:55:28,494 - app.main - INFO - Starting SMBOSS FastAPI Application
2025-12-06 11:55:28,603 - app.main - INFO - Database tables created
2025-12-06 11:55:28,609 - app.main - INFO - Background jobs scheduler started
2025-12-06 11:55:58,689 - app.main - INFO - Shutting down SMBOSS Application
2025-12-06 11:55:58,695 - app.main - INFO - Background jobs scheduler stopped
2025-12-06 11:56:02,814 - app.jobs.scheduler - INFO - Background jobs configured
2025-12-06 11:56:02,921 - app.main - INFO - Starting SMBOSS FastAPI Application
2025-12-06 11:56:02,994 - app.main - INFO - Database tables created
2025-12-06 11:56:03,005 - app.main - INFO - Background jobs scheduler started
2025-12-06 11:56:33,146 - app.main - INFO - Shutting down SMBOSS Application
2025-12-06 11:56:33,147 - app.main - INFO - Background jobs scheduler stopped
2025-12-06 11:56:38,817 - app.jobs.scheduler - INFO - Background jobs configured
2025-12-06 11:56:39,036 - app.main - INFO - Starting SMBOSS FastAPI Application
2025-12-06 11:56:39,169 - app.main - INFO - Database tables created
2025-12-06 11:56:39,174 - app.main - INFO - Background jobs scheduler started
2025-12-06 11:58:32,494 - app.main - INFO - Shutting down SMBOSS Application
2025-12-06 11:58:32,495 - app.main - INFO - Background jobs scheduler stopped
2025-12-06 11:58:35,596 - app.jobs.scheduler - INFO - Background jobs configured
2025-12-06 11:58:35,651 - app.main - INFO - Starting SMBOSS FastAPI Application
2025-12-06 11:58:35,731 - app.main - INFO - Database tables created
2025-12-06 11:58:35,734 - app.main - INFO - Background jobs scheduler started
2025-12-06 12:00:00,015 - app.jobs.cache_warmer - INFO - Starting cache warming
2025-12-06 12:00:00,132 - app.jobs.cache_warmer - INFO - Cached 0 markets
2025-12-06 12:00:00,143 - app.jobs.cache_warmer - INFO - Cached 0 results for today
2025-12-06 12:00:00,143 - app.jobs.cache_warmer - INFO - Cache warming completed successfully
2025-12-06 12:00:00,168 - app.main - INFO - Shutting down SMBOSS Application
2025-12-06 12:00:00,168 - app.main - INFO - Background jobs scheduler stopped
2025-12-06 12:00:02,401 - app.jobs.scheduler - INFO - Background jobs configured
2025-12-06 12:00:02,451 - app.main - INFO - Starting SMBOSS FastAPI Application
2025-12-06 12:00:02,526 - app.main - INFO - Database tables created
2025-12-06 12:00:02,526 - app.main - INFO - Background jobs scheduler started
2025-12-06 12:00:04,579 - app.jobs.scheduler - INFO - Background jobs configured
2025-12-06 12:00:04,641 - app.main - INFO - Starting SMBOSS FastAPI Application
2025-12-06 12:00:04,706 - app.main - INFO - Database tables created
2025-12-06 12:00:04,709 - app.main - INFO - Background jobs scheduler started
2025-12-06 12:00:16,837 - app.main - INFO - Shutting down SMBOSS Application
2025-12-06 12:00:16,837 - app.main - INFO - Background jobs scheduler stopped
2025-12-06 13:18:03,108 - app.jobs.scheduler - INFO - Background jobs configured
2025-12-06 13:18:03,165 - app.main - INFO - Starting SMBOSS FastAPI Application
2025-12-06 13:18:03,308 - app.main - INFO - Database tables created
2025-12-06 13:18:03,308 - app.main - INFO - Background jobs scheduler started
2025-12-06 13:33:24,272 - app.main - INFO - Shutting down SMBOSS Application
2025-12-06 13:33:24,272 - app.main - INFO - Background jobs scheduler stopped
2025-12-06 13:39:18,104 - app.jobs.scheduler - INFO - Background jobs configured
2025-12-06 13:39:18,245 - app.main - INFO - Starting SMBOSS FastAPI Application
2025-12-06 13:39:18,332 - app.main - INFO - Database tables created
2025-12-06 13:39:18,335 - app.main - INFO - Background jobs scheduler started
2025-12-06 13:42:09,674 - app.main - INFO - Shutting down SMBOSS Application
2025-12-06 13:42:09,676 - app.main - INFO - Background jobs scheduler stopped
2025-12-06 13:42:16,337 - app.jobs.scheduler - INFO - Background jobs configured
2025-12-06 13:42:16,520 - app.main - INFO - Starting SMBOSS FastAPI Application
2025-12-06 13:42:16,657 - app.main - INFO - Database tables created
2025-12-06 13:42:16,668 - app.main - INFO - Background jobs scheduler started
2025-12-06 14:00:00,013 - app.jobs.cache_warmer - INFO - Starting cache warming
2025-12-06 14:00:00,111 - app.jobs.cache_warmer - INFO - Cached 0 markets
2025-12-06 14:00:00,122 - app.jobs.cache_warmer - INFO - Cached 0 results for today
2025-12-06 14:00:00,124 - app.jobs.cache_warmer - INFO - Cache warming completed successfully
2025-12-06 23:00:00,013 - app.jobs.cache_warmer - INFO - Starting cache warming
2025-12-06 23:00:00,038 - app.jobs.cache_warmer - INFO - Cached 0 markets
2025-12-06 23:00:00,042 - app.jobs.cache_warmer - INFO - Cached 0 results for today
2025-12-06 23:00:00,043 - app.jobs.cache_warmer - INFO - Cache warming completed successfully
